{
  "RSpec": {
    "coverage": {
      "/vagrant/code/wtt/gems/wtt/lib/wtt.rb": [
        1,
        1,
        null,
        null,
        1,
        1,
        1,
        1,
        null,
        null,
        1,
        1,
        1,
        1,
        null,
        null,
        1,
        5,
        5,
        null,
        null,
        1,
        8,
        null,
        null,
        1,
        102,
        null,
        null,
        1,
        26,
        26,
        26,
        null,
        null,
        1,
        2,
        2,
        2,
        2,
        null,
        2,
        null,
        null,
        1,
        1,
        1,
        1,
        1,
        null,
        null,
        null,
        null,
        1,
        5,
        null,
        null,
        1,
        6,
        null,
        null,
        1,
        5,
        null,
        null,
        1,
        1,
        1,
        1,
        1,
        1,
        null,
        1,
        1,
        1,
        1,
        1,
        null,
        null,
        1,
        4,
        null,
        null,
        1,
        3,
        3,
        null,
        null,
        null,
        1,
        1,
        null,
        null,
        null,
        null,
        null,
        null
      ],
      "/vagrant/code/wtt/gems/wtt/lib/wtt/core.rb": [
        1,
        1,
        1,
        1,
        1,
        1,
        1,
        1,
        1,
        1,
        1,
        null,
        null,
        null,
        1,
        null,
        1,
        1,
        0,
        null,
        null,
        1,
        0,
        0,
        0,
        null,
        0,
        null,
        0,
        0,
        0,
        0,
        0,
        0,
        null,
        null,
        null,
        null,
        1,
        0,
        0,
        0,
        null,
        0,
        0,
        0,
        0,
        0,
        0,
        null,
        null,
        null,
        1,
        null,
        null,
        null,
        null
      ],
      "/vagrant/code/wtt/gems/wtt/lib/wtt/core/paths.rb": [
        1,
        null,
        null,
        1,
        null,
        1,
        1,
        1,
        22,
        null,
        null,
        1,
        21,
        null,
        null,
        1,
        6,
        null,
        null,
        null,
        null
      ],
      "/vagrant/code/wtt/gems/wtt/lib/wtt/core/storage.rb": [
        1,
        null,
        1,
        1,
        null,
        1,
        null,
        null,
        null,
        null,
        null,
        null,
        null,
        null,
        1,
        2,
        2,
        null,
        null,
        null,
        null,
        null,
        null,
        1,
        2,
        null,
        null,
        null,
        null,
        null,
        null,
        null,
        null,
        1,
        2,
        1,
        1,
        1,
        1,
        1,
        1,
        1,
        1,
        null,
        null,
        null,
        null,
        1,
        null,
        1,
        3,
        null,
        null,
        1,
        0,
        null,
        null,
        1,
        0,
        0,
        0,
        0,
        null,
        null,
        1,
        0,
        0,
        0,
        null,
        0,
        0,
        0,
        0,
        null,
        0,
        null,
        null,
        null,
        1,
        2,
        0,
        0,
        null,
        2,
        null,
        null,
        null,
        null,
        null
      ],
      "/vagrant/code/wtt/gems/wtt/lib/wtt/core/mapper.rb": [
        1,
        1,
        1,
        1,
        null,
        null,
        1,
        null,
        1,
        null,
        null,
        null,
        null,
        null,
        1,
        1,
        null,
        1,
        null,
        null,
        1,
        23,
        23,
        null,
        null,
        1,
        59,
        null,
        null,
        null,
        null,
        null,
        null,
        null,
        1,
        1,
        1,
        null,
        null,
        null,
        null,
        null,
        null,
        null,
        1,
        1,
        1,
        null,
        null,
        null,
        1,
        23,
        null,
        null,
        null,
        1,
        3,
        null,
        null,
        null,
        null,
        null,
        null,
        null,
        1,
        33,
        33,
        99,
        99,
        59,
        null,
        33,
        33,
        null,
        null,
        1,
        null,
        null,
        null,
        null,
        null,
        1,
        6,
        null,
        null,
        null,
        null,
        null,
        null,
        1,
        8,
        null,
        null,
        null,
        null,
        null,
        null,
        1,
        2,
        8,
        null,
        null,
        null,
        null,
        null,
        null,
        null,
        1,
        5,
        1,
        null,
        4,
        239,
        55,
        null,
        null,
        1,
        null,
        null,
        null,
        null,
        null,
        null,
        1,
        null,
        5,
        1,
        4,
        4,
        239,
        55,
        null,
        null,
        1,
        null,
        null,
        null,
        null
      ],
      "/vagrant/code/wtt/gems/wtt/lib/wtt/core/selector.rb": [
        1,
        1,
        1,
        null,
        null,
        1,
        null,
        1,
        null,
        1,
        1,
        1,
        null,
        null,
        1,
        4,
        4,
        4,
        4,
        4,
        4,
        null,
        null,
        null,
        null,
        null,
        null,
        null,
        1,
        null,
        null,
        4,
        null,
        null,
        4,
        null,
        4,
        null,
        4,
        4,
        12,
        12,
        12,
        2,
        null,
        10,
        null,
        null,
        4,
        4,
        4,
        null,
        null,
        1,
        null,
        1,
        4,
        null,
        null,
        null,
        4,
        null,
        null,
        1,
        null,
        0,
        0,
        18,
        null,
        null,
        null,
        null,
        null,
        null,
        1,
        10,
        10,
        null,
        null,
        10,
        14,
        null,
        null,
        10,
        18,
        null,
        null,
        null,
        null,
        null,
        null,
        null,
        1,
        14,
        14,
        14,
        50,
        50,
        50,
        null,
        14,
        null,
        null,
        null,
        null,
        null,
        null,
        null,
        null,
        1,
        50,
        null,
        22,
        16,
        null,
        6,
        null,
        null,
        6,
        null,
        null,
        null,
        null,
        null,
        1,
        6,
        null,
        null,
        null,
        1,
        4,
        2,
        2,
        2,
        0,
        null,
        2,
        null,
        null,
        null,
        null,
        null,
        1,
        18,
        null,
        null,
        null,
        null
      ],
      "/vagrant/code/wtt/gems/wtt/lib/wtt/core/meta_data.rb": [
        1,
        null,
        null,
        1,
        null,
        1,
        null,
        1,
        1,
        null,
        null,
        1,
        5,
        5,
        null,
        null,
        1,
        2,
        null,
        null,
        1,
        1,
        null,
        null,
        1,
        1,
        null,
        null,
        1,
        1,
        null,
        null,
        1,
        5,
        null,
        null,
        1,
        1,
        null,
        null,
        null,
        null
      ],
      "/vagrant/code/wtt/gems/wtt/lib/wtt/core/tracer.rb": [
        1,
        1,
        null,
        null,
        1,
        null,
        1,
        null,
        1,
        1,
        3,
        3,
        3,
        null,
        null,
        1,
        4,
        4,
        4,
        4,
        null,
        null,
        1,
        4,
        4,
        null,
        null,
        1,
        4,
        6,
        4,
        null,
        null,
        1,
        null,
        1,
        2,
        2,
        2,
        null,
        51,
        51,
        null,
        null,
        0,
        null,
        null,
        null,
        null,
        null,
        1,
        6,
        null,
        null,
        1,
        6,
        null,
        null,
        1,
        7,
        null,
        null,
        1,
        0,
        null,
        null,
        1,
        null,
        null,
        0,
        0,
        0,
        null,
        8,
        null,
        null,
        1,
        3,
        7,
        null,
        null,
        null,
        1,
        7,
        7,
        null,
        1,
        1,
        6,
        6,
        null,
        null,
        null,
        null,
        null
      ],
      "/vagrant/code/wtt/gems/wtt/lib/wtt/core/trace_service.rb": [
        null,
        null,
        1,
        null,
        1,
        null,
        1,
        1,
        null,
        1,
        2,
        2,
        0,
        0,
        0,
        null,
        null,
        null,
        null,
        1,
        6,
        6,
        null,
        null,
        1,
        6,
        null,
        null,
        1,
        4,
        4,
        4,
        4,
        null,
        null,
        1,
        null,
        1,
        6,
        null,
        null,
        1,
        0,
        null,
        null,
        null,
        null
      ],
      "/vagrant/code/wtt/gems/wtt/lib/wtt/core/anchor_task.rb": [
        1,
        1,
        null,
        null,
        1,
        null,
        1,
        null,
        1,
        1,
        1,
        0,
        null,
        null,
        1,
        0,
        0,
        0,
        0,
        null,
        null,
        0,
        0,
        0,
        null,
        null,
        null,
        null,
        null,
        null
      ],
      "/vagrant/code/wtt/gems/wtt/lib/wtt/core/matchers.rb": [
        1,
        1,
        1
      ],
      "/vagrant/code/wtt/gems/wtt/lib/wtt/core/matchers/exact_matcher.rb": [
        1,
        1,
        null,
        null,
        1,
        null,
        1,
        1,
        null,
        1,
        1,
        11,
        null,
        null,
        null,
        null,
        null
      ],
      "/vagrant/code/wtt/gems/wtt/lib/wtt/core/matchers/fuzzy_matcher.rb": [
        1,
        1,
        null,
        null,
        1,
        null,
        1,
        1,
        null,
        1,
        1,
        5,
        null,
        null,
        1,
        98,
        null,
        null,
        null,
        null,
        null
      ],
      "/vagrant/code/wtt/gems/wtt/lib/wtt/core/matchers/touch_matcher.rb": [
        1,
        1,
        null,
        null,
        1,
        null,
        1,
        1,
        null,
        1,
        1,
        12,
        null,
        null,
        null,
        null,
        null
      ]
    },
    "timestamp": 1453140039
  }
}
