{
  "RSpec": {
    "coverage": {
      "/Users/dstanley/code/wtt/gems/wtt/lib/wtt.rb": [
        1,
        1,
        null,
        null,
        1,
        1,
        1,
        1,
        null,
        null,
        1,
        1,
        1,
        1,
        null,
        null,
        1,
        5,
        5,
        null,
        null,
        1,
        8,
        null,
        null,
        1,
        159694,
        null,
        null,
        1,
        26,
        26,
        26,
        null,
        null,
        1,
        2,
        2,
        2,
        2,
        null,
        2,
        null,
        null,
        1,
        1,
        1,
        1,
        1,
        null,
        null,
        null,
        1,
        5,
        null,
        null,
        1,
        6,
        null,
        null,
        1,
        5,
        null,
        null,
        null,
        1,
        1,
        1,
        1,
        1,
        1,
        null,
        1,
        1,
        1,
        1,
        1,
        null,
        null,
        1,
        4,
        null,
        null,
        1,
        3,
        3,
        null,
        null,
        1,
        1,
        null,
        null,
        null,
        null,
        null
      ],
      "/Users/dstanley/code/wtt/gems/wtt/lib/wtt/core.rb": [
        1,
        1,
        1,
        1,
        1,
        1,
        1,
        1,
        1,
        1,
        1,
        null,
        null,
        1,
        null,
        1,
        1,
        0,
        null,
        null,
        1,
        0,
        0,
        0,
        null,
        0,
        null,
        0,
        0,
        0,
        0,
        0,
        0,
        null,
        null,
        null,
        1,
        0,
        0,
        0,
        null,
        0,
        0,
        0,
        0,
        0,
        0,
        null,
        null,
        null,
        null
      ],
      "/Users/dstanley/code/wtt/gems/wtt/lib/wtt/core/paths.rb": [
        1,
        null,
        null,
        1,
        null,
        1,
        1,
        1,
        22,
        null,
        null,
        1,
        21,
        null,
        null,
        1,
        6,
        null,
        null,
        null,
        null
      ],
      "/Users/dstanley/code/wtt/gems/wtt/lib/wtt/core/storage.rb": [
        1,
        null,
        1,
        1,
        null,
        1,
        null,
        null,
        null,
        null,
        null,
        null,
        null,
        null,
        1,
        2,
        2,
        null,
        null,
        null,
        null,
        null,
        null,
        1,
        2,
        null,
        null,
        null,
        null,
        null,
        null,
        null,
        1,
        2,
        1,
        1,
        1,
        1,
        1,
        1,
        1,
        1,
        null,
        null,
        null,
        1,
        null,
        1,
        3,
        null,
        null,
        1,
        0,
        null,
        null,
        1,
        0,
        0,
        0,
        0,
        null,
        null,
        1,
        0,
        0,
        0,
        null,
        0,
        0,
        0,
        0,
        null,
        0,
        null,
        null,
        1,
        2,
        0,
        0,
        null,
        2,
        null,
        null,
        null,
        null,
        null
      ],
      "/Users/dstanley/code/wtt/gems/wtt/lib/wtt/core/mapper.rb": [
        1,
        1,
        1,
        1,
        null,
        null,
        1,
        null,
        1,
        null,
        null,
        null,
        null,
        null,
        1,
        1,
        null,
        1,
        null,
        null,
        1,
        25,
        25,
        null,
        null,
        1,
        77,
        null,
        null,
        null,
        null,
        null,
        null,
        null,
        1,
        1,
        1,
        null,
        null,
        null,
        null,
        null,
        null,
        null,
        1,
        1,
        1,
        null,
        null,
        null,
        1,
        25,
        null,
        null,
        null,
        1,
        3,
        null,
        null,
        null,
        null,
        null,
        null,
        null,
        1,
        42,
        42,
        135,
        135,
        77,
        null,
        42,
        42,
        null,
        null,
        1,
        26,
        null,
        null,
        1,
        null,
        null,
        null,
        null,
        null,
        1,
        6,
        null,
        null,
        null,
        null,
        null,
        null,
        1,
        8,
        null,
        null,
        null,
        null,
        null,
        null,
        1,
        2,
        8,
        null,
        null,
        null,
        null,
        null,
        null,
        null,
        1,
        5,
        1,
        4,
        239,
        55,
        null,
        null,
        1,
        null,
        null,
        null,
        null,
        null,
        null,
        1,
        5,
        1,
        4,
        4,
        239,
        55,
        null,
        null,
        1,
        null,
        null,
        null,
        null
      ],
      "/Users/dstanley/code/wtt/gems/wtt/lib/wtt/core/selector.rb": [
        1,
        1,
        1,
        null,
        null,
        1,
        null,
        1,
        null,
        1,
        1,
        1,
        null,
        null,
        1,
        6,
        6,
        6,
        6,
        6,
        6,
        null,
        null,
        null,
        null,
        null,
        null,
        1,
        null,
        null,
        6,
        null,
        null,
        6,
        null,
        6,
        6,
        null,
        6,
        2,
        null,
        null,
        6,
        18,
        18,
        18,
        3,
        null,
        15,
        null,
        null,
        6,
        6,
        6,
        null,
        null,
        1,
        null,
        1,
        6,
        null,
        null,
        null,
        6,
        null,
        null,
        1,
        null,
        0,
        0,
        33,
        null,
        null,
        null,
        null,
        null,
        null,
        1,
        15,
        15,
        null,
        15,
        21,
        null,
        null,
        15,
        27,
        null,
        null,
        null,
        null,
        null,
        null,
        null,
        1,
        21,
        21,
        21,
        75,
        75,
        75,
        null,
        21,
        null,
        null,
        null,
        null,
        null,
        null,
        null,
        null,
        1,
        75,
        null,
        33,
        24,
        null,
        9,
        null,
        null,
        9,
        null,
        null,
        null,
        null,
        null,
        1,
        12,
        null,
        null,
        null,
        1,
        6,
        4,
        4,
        4,
        0,
        null,
        4,
        null,
        null,
        null,
        null,
        null,
        1,
        27,
        null,
        null,
        null,
        null
      ],
      "/Users/dstanley/code/wtt/gems/wtt/lib/wtt/core/meta_data.rb": [
        1,
        null,
        null,
        1,
        null,
        1,
        null,
        1,
        1,
        null,
        null,
        1,
        5,
        5,
        null,
        null,
        1,
        2,
        null,
        null,
        1,
        1,
        null,
        null,
        1,
        1,
        null,
        null,
        1,
        1,
        null,
        null,
        1,
        5,
        null,
        null,
        1,
        1,
        null,
        null,
        null,
        null
      ],
      "/Users/dstanley/code/wtt/gems/wtt/lib/wtt/core/tracer.rb": [
        1,
        1,
        null,
        null,
        1,
        null,
        1,
        null,
        1,
        1,
        3,
        3,
        3,
        null,
        null,
        1,
        4,
        4,
        4,
        4,
        null,
        null,
        1,
        4,
        4,
        null,
        null,
        1,
        4,
        6,
        4,
        null,
        null,
        1,
        null,
        1,
        2,
        2,
        2,
        null,
        51,
        51,
        null,
        null,
        0,
        null,
        null,
        null,
        null,
        1,
        4,
        null,
        null,
        1,
        4,
        null,
        null,
        1,
        12,
        null,
        null,
        1,
        791,
        null,
        null,
        1,
        null,
        160,
        22,
        22,
        null,
        8,
        null,
        null,
        1,
        3,
        7,
        null,
        null,
        null,
        1,
        7,
        7,
        null,
        1,
        1,
        6,
        6,
        null,
        null,
        null,
        null,
        null
      ],
      "/Users/dstanley/code/wtt/gems/wtt/lib/wtt/core/trace_service.rb": [
        null,
        null,
        1,
        null,
        1,
        null,
        1,
        1,
        null,
        1,
        2,
        2,
        159430,
        4850,
        4850,
        null,
        null,
        null,
        null,
        1,
        6,
        6,
        null,
        null,
        1,
        6,
        null,
        null,
        1,
        4,
        4,
        4,
        4,
        null,
        null,
        1,
        null,
        1,
        23,
        null,
        null,
        1,
        585374,
        null,
        null,
        null,
        null
      ],
      "/Users/dstanley/code/wtt/gems/wtt/lib/wtt/core/anchor_task.rb": [
        1,
        1,
        null,
        null,
        1,
        null,
        1,
        null,
        1,
        1,
        1,
        0,
        null,
        null,
        1,
        0,
        0,
        0,
        0,
        null,
        null,
        0,
        0,
        0,
        null,
        null,
        null,
        null,
        null,
        null
      ],
      "/Users/dstanley/code/wtt/gems/wtt/lib/wtt/core/matchers.rb": [
        1,
        1,
        1
      ],
      "/Users/dstanley/code/wtt/gems/wtt/lib/wtt/core/matchers/exact_matcher.rb": [
        1,
        1,
        null,
        null,
        1,
        null,
        1,
        1,
        null,
        1,
        1,
        11,
        null,
        null,
        null,
        null,
        null
      ],
      "/Users/dstanley/code/wtt/gems/wtt/lib/wtt/core/matchers/fuzzy_matcher.rb": [
        1,
        1,
        null,
        null,
        1,
        null,
        1,
        1,
        null,
        1,
        1,
        5,
        null,
        null,
        1,
        146,
        null,
        null,
        null,
        null,
        null
      ],
      "/Users/dstanley/code/wtt/gems/wtt/lib/wtt/core/matchers/touch_matcher.rb": [
        1,
        1,
        null,
        null,
        1,
        null,
        1,
        1,
        null,
        1,
        1,
        12,
        null,
        null,
        null,
        null,
        null
      ]
    },
    "timestamp": 1453150118
  }
}
